  [1m[36mItem Load (0.2ms)[0m  [1mSELECT "items".* FROM "items"[0m
SQLite3::SQLException: no such table: items: SELECT "items".* FROM "items"
  [1m[36mItem Load (0.2ms)[0m  [1mSELECT "items".* FROM "items"[0m
SQLite3::SQLException: no such table: items: SELECT "items".* FROM "items"
  [1m[35mSQL (0.3ms)[0m   SELECT name
 FROM sqlite_master
 WHERE type = 'table' AND NOT name = 'sqlite_sequence'
  [1m[36mItem Load (0.4ms)[0m  [1mSELECT "items".* FROM "items"[0m
SQLite3::SQLException: no such table: items: SELECT "items".* FROM "items"
  [1m[35mSQL (0.4ms)[0m   SELECT name
 FROM sqlite_master
 WHERE type = 'table' AND NOT name = 'sqlite_sequence'
  [1m[36mSQL (0.3ms)[0m  [1m SELECT name
 FROM sqlite_master
 WHERE type = 'table' AND NOT name = 'sqlite_sequence'
[0m


Started GET "/follow/index" for 127.0.0.1 at Tue Mar 22 00:58:34 -0700 2011

ActionController::RoutingError (No route matches "/follow/index"):
  

Rendered /Library/Ruby/Gems/1.8/gems/actionpack-3.0.3/lib/action_dispatch/middleware/templates/rescues/routing_error.erb within rescues/layout (0.7ms)


Started GET "/follow/index" for 127.0.0.1 at Tue Mar 22 00:58:38 -0700 2011

ActionController::RoutingError (No route matches "/follow/index"):
  

Rendered /Library/Ruby/Gems/1.8/gems/actionpack-3.0.3/lib/action_dispatch/middleware/templates/rescues/routing_error.erb within rescues/layout (0.7ms)


Started GET "/follow/index" for 127.0.0.1 at Tue Mar 22 00:59:08 -0700 2011

ActionController::RoutingError (No route matches "/follow/index"):
  

Rendered /Library/Ruby/Gems/1.8/gems/actionpack-3.0.3/lib/action_dispatch/middleware/templates/rescues/routing_error.erb within rescues/layout (0.7ms)


Started GET "/follow/index" for 127.0.0.1 at Tue Mar 22 01:00:52 -0700 2011

ActionController::RoutingError (No route matches "/follow/index"):
  

Rendered /Library/Ruby/Gems/1.8/gems/actionpack-3.0.3/lib/action_dispatch/middleware/templates/rescues/routing_error.erb within rescues/layout (0.7ms)
  [1m[35mSQL (0.3ms)[0m   SELECT name
 FROM sqlite_master
 WHERE type = 'table' AND NOT name = 'sqlite_sequence'


Started GET "/" for 127.0.0.1 at Mon Apr 11 18:25:12 -0700 2011
  Processing by RootController#index as HTML
  [1m[36mItem Load (0.4ms)[0m  [1mSELECT "items".* FROM "items" ORDER BY id desc LIMIT 20[0m
SQLite3::SQLException: no such table: items: SELECT  "items".* FROM "items" ORDER BY id desc LIMIT 20
Completed   in 46ms

ActiveRecord::StatementInvalid (SQLite3::SQLException: no such table: items: SELECT  "items".* FROM "items" ORDER BY id desc LIMIT 20):
  app/models/item.rb:30:in `shortlist_children'
  app/controllers/root_controller.rb:4:in `index'

Rendered /Library/Ruby/Gems/1.8/gems/actionpack-3.0.3/lib/action_dispatch/middleware/templates/rescues/_trace.erb (1.0ms)
  [1m[35mItem Load (0.2ms)[0m  SELECT "items".* FROM "items" ORDER BY id desc LIMIT 20
SQLite3::SQLException: no such table: items: SELECT  "items".* FROM "items" ORDER BY id desc LIMIT 20
  [1m[36mItem Load (0.1ms)[0m  [1mSELECT "items".* FROM "items" ORDER BY id desc LIMIT 20[0m
SQLite3::SQLException: no such table: items: SELECT  "items".* FROM "items" ORDER BY id desc LIMIT 20
Rendered /Library/Ruby/Gems/1.8/gems/actionpack-3.0.3/lib/action_dispatch/middleware/templates/rescues/_request_and_response.erb (2.8ms)
Rendered /Library/Ruby/Gems/1.8/gems/actionpack-3.0.3/lib/action_dispatch/middleware/templates/rescues/diagnostics.erb within rescues/layout (9.7ms)
